<?xml version="1.0" encoding="UTF-8"?>
<testsuite xmlns:xsi="http://www.w3.org/2001/XMLSchema-instance" xsi:noNamespaceSchemaLocation="https://maven.apache.org/surefire/maven-surefire-plugin/xsd/surefire-test-report.xsd" name="com.steven.springboot.SpringBoot02ConfigApplicationTests" time="1.789" tests="2" errors="0" skipped="0" failures="0">
  <properties>
[...]
</properties>
  <testcase name="contextLoads" classname="com.steven.springboot.SpringBoot02ConfigApplicationTests" time="0.108"/>
  <testcase name="testService" classname="com.steven.springboot.SpringBoot02ConfigApplicationTests" time="0"/>
</testsuite>